<?xml version="1.0" encoding="UTF-8"?>
<!-- Generated by org.testng.reporters.JUnitReportReporter -->
<testsuite hostname="DESKTOP-OM2QHAP" name="testNgLearning.DisabledTestInTestNg" tests="3" failures="0" timestamp="12 Jan 2020 02:56:50 GMT" time="0.006" errors="0">
  <testcase name="tc_002" time="0.003" classname="testNgLearning.DisabledTestInTestNg"/>
  <testcase name="tc_003" time="0.002" classname="testNgLearning.DisabledTestInTestNg"/>
  <testcase name="tc_001" time="0.001" classname="testNgLearning.DisabledTestInTestNg"/>
</testsuite> <!-- testNgLearning.DisabledTestInTestNg -->
