<?xml version="1.0" encoding="UTF-8"?>
<!-- Generated by org.testng.reporters.JUnitReportReporter -->
<testsuite hostname="DESKTOP-OM2QHAP" name="testNgLearning.DataDrivenTest" tests="3" failures="0" timestamp="12 Jan 2020 05:01:51 GMT" time="12.709" errors="0">
  <testcase name="fb_register" time="2.727" classname="testNgLearning.DataDrivenTest"/>
  <testcase name="fb_register" time="2.357" classname="testNgLearning.DataDrivenTest"/>
  <testcase name="fb_register" time="7.625" classname="testNgLearning.DataDrivenTest"/>
</testsuite> <!-- testNgLearning.DataDrivenTest -->
