<?xml version="1.0" encoding="UTF-8"?>
<!-- Generated by org.testng.reporters.JUnitReportReporter -->
<testsuite hostname="DESKTOP-OM2QHAP" name="excel_read_write.ExcelReader" tests="1" failures="0" timestamp="16 Jan 2020 03:31:40 GMT" time="4.854" errors="0">
  <testcase name="excelReader" time="4.854" classname="excel_read_write.ExcelReader"/>
</testsuite> <!-- excel_read_write.ExcelReader -->
