<?xml version="1.0" encoding="UTF-8"?>
<!-- Generated by org.testng.reporters.JUnitReportReporter -->
<testsuite hostname="DESKTOP-OM2QHAP" name="testNgLearning.ReportslogsInTestNg" tests="1" failures="0" timestamp="12 Jan 2020 02:56:50 GMT" time="84.007" errors="0">
  <testcase name="fbLoginPageVerifyTitle" time="84.007" classname="testNgLearning.ReportslogsInTestNg"/>
</testsuite> <!-- testNgLearning.ReportslogsInTestNg -->
