<?xml version="1.0" encoding="UTF-8"?>
<!-- Generated by org.testng.reporters.JUnitReportReporter -->
<testsuite hostname="DESKTOP-OM2QHAP" name="excel_read_write.DataDrivenTesting" tests="1" failures="0" timestamp="17 Jan 2020 03:28:20 GMT" time="1.615" errors="0">
  <testcase name="readExcelData" time="1.615" classname="excel_read_write.DataDrivenTesting"/>
</testsuite> <!-- excel_read_write.DataDrivenTesting -->
