<?xml version="1.0" encoding="UTF-8"?>
<!-- Generated by org.testng.reporters.JUnitReportReporter -->
<testsuite hostname="DESKTOP-OM2QHAP" name="testNgLearning.PriotizeTestInTestNg" tests="4" failures="0" timestamp="12 Jan 2020 02:56:50 GMT" time="0.048" errors="0">
  <testcase name="loginToAppTest" time="0.008" classname="testNgLearning.PriotizeTestInTestNg"/>
  <testcase name="createAnAccountTest" time="0.028" classname="testNgLearning.PriotizeTestInTestNg"/>
  <testcase name="registerNewAppTest" time="0.007" classname="testNgLearning.PriotizeTestInTestNg"/>
  <testcase name="logoutFromAppTest" time="0.005" classname="testNgLearning.PriotizeTestInTestNg"/>
</testsuite> <!-- testNgLearning.PriotizeTestInTestNg -->
