<?xml version="1.0" encoding="UTF-8"?>
<!-- Generated by org.testng.reporters.JUnitReportReporter -->
<testsuite hostname="DESKTOP-OM2QHAP" name="actions.ResizableActions" tests="1" failures="0" timestamp="18 Jan 2020 04:50:48 GMT" time="19.026" errors="0">
  <testcase name="resize" time="19.026" classname="actions.ResizableActions"/>
</testsuite> <!-- actions.ResizableActions -->
