<?xml version="1.0" encoding="UTF-8"?>
<!-- Generated by org.testng.reporters.JUnitReportReporter -->
<testsuite hostname="DESKTOP-OM2QHAP" name="actions.MouseHoverInSelenium" tests="1" failures="0" timestamp="18 Jan 2020 03:24:31 GMT" time="38.698" errors="0">
  <testcase name="mouseHover" time="38.698" classname="actions.MouseHoverInSelenium"/>
</testsuite> <!-- actions.MouseHoverInSelenium -->
