<?xml version="1.0" encoding="UTF-8"?>
<!-- Generated by org.testng.reporters.JUnitReportReporter -->
<testsuite hostname="DESKTOP-OM2QHAP" name="testNgLearning.ParameterizationTestInTestNg" tests="1" failures="0" timestamp="12 Jan 2020 03:17:40 GMT" time="0.031" errors="0">
  <testcase name="getData" time="0.031" classname="testNgLearning.ParameterizationTestInTestNg"/>
</testsuite> <!-- testNgLearning.ParameterizationTestInTestNg -->
