<?xml version="1.0" encoding="UTF-8"?>
<!-- Generated by org.testng.reporters.JUnitReportReporter -->
<testsuite hostname="DESKTOP-OM2QHAP" name="testNgLearning.AnnotationsInTestNgTest" tests="2" failures="0" timestamp="12 Jan 2020 02:56:50 GMT" time="0.031" errors="0">
  <testcase name="test2" time="0.025" classname="testNgLearning.AnnotationsInTestNgTest"/>
  <testcase name="test1" time="0.006" classname="testNgLearning.AnnotationsInTestNgTest"/>
</testsuite> <!-- testNgLearning.AnnotationsInTestNgTest -->
