<?xml version="1.0" encoding="UTF-8"?>
<!-- Generated by org.testng.reporters.JUnitReportReporter -->
<testsuite hostname="DESKTOP-OM2QHAP" name="testNgLearning.TestInTestNg" tests="4" failures="0" timestamp="11 Jan 2020 03:58:53 GMT" time="0.057" errors="0">
  <testcase name="createAnAccountTest" time="0.028" classname="testNgLearning.TestInTestNg"/>
  <testcase name="loginToAppTest" time="0.012" classname="testNgLearning.TestInTestNg"/>
  <testcase name="registerNewAppTest" time="0.010" classname="testNgLearning.TestInTestNg"/>
  <testcase name="logoutFromAppTest" time="0.007" classname="testNgLearning.TestInTestNg"/>
</testsuite> <!-- testNgLearning.TestInTestNg -->
