<?xml version="1.0" encoding="UTF-8"?>
<!-- Generated by org.testng.reporters.JUnitReportReporter -->
<testsuite hostname="DESKTOP-OM2QHAP" name="testNgLearning.GroupsInTestNg" tests="2" failures="0" timestamp="12 Jan 2020 05:13:34 GMT" time="0.053" errors="0">
  <testcase name="test4" time="0.009" classname="testNgLearning.GroupsInTestNg"/>
  <testcase name="test3" time="0.044" classname="testNgLearning.GroupsInTestNg"/>
</testsuite> <!-- testNgLearning.GroupsInTestNg -->
