<?xml version="1.0" encoding="UTF-8"?>
<!-- Generated by org.testng.reporters.JUnitReportReporter -->
<testsuite hostname="DESKTOP-OM2QHAP" name="testNgLearning.TestExecutionOrderInTestNg" tests="4" failures="0" timestamp="12 Jan 2020 02:56:50 GMT" time="0.019" errors="0">
  <testcase name="loginToAppTest" time="0.000" classname="testNgLearning.TestExecutionOrderInTestNg"/>
  <testcase name="registerNewAppTest" time="0.000" classname="testNgLearning.TestExecutionOrderInTestNg"/>
  <testcase name="logoutFromAppTest" time="0.016" classname="testNgLearning.TestExecutionOrderInTestNg"/>
  <testcase name="createAnAccountTest" time="0.003" classname="testNgLearning.TestExecutionOrderInTestNg"/>
</testsuite> <!-- testNgLearning.TestExecutionOrderInTestNg -->
