<?xml version="1.0" encoding="UTF-8"?>
<!-- Generated by org.testng.reporters.JUnitReportReporter -->
<testsuite hostname="DESKTOP-OM2QHAP" name="actions.SliderActivity" tests="1" failures="0" timestamp="18 Jan 2020 04:27:26 GMT" time="17.397" errors="0">
  <testcase name="slider" time="17.397" classname="actions.SliderActivity"/>
</testsuite> <!-- actions.SliderActivity -->
