<?xml version="1.0" encoding="UTF-8"?>
<!-- Generated by org.testng.reporters.JUnitReportReporter -->
<testsuite hostname="DESKTOP-OM2QHAP" name="actions.DragAndDrop" tests="1" failures="0" timestamp="18 Jan 2020 03:56:37 GMT" time="20.439" errors="0">
  <testcase name="drag_drop" time="20.439" classname="actions.DragAndDrop"/>
</testsuite> <!-- actions.DragAndDrop -->
