<?xml version="1.0" encoding="UTF-8"?>
<!-- Generated by org.testng.reporters.JUnitReportReporter -->
<testsuite hostname="DESKTOP-OM2QHAP" name="testNgLearning.DataDrivenTestInTestNg" tests="4" failures="0" timestamp="12 Jan 2020 04:15:48 GMT" time="0.046" errors="0">
  <testcase name="testdata" time="0.016" classname="testNgLearning.DataDrivenTestInTestNg"/>
  <testcase name="testdata1" time="0.015" classname="testNgLearning.DataDrivenTestInTestNg"/>
  <testcase name="testdata" time="0.000" classname="testNgLearning.DataDrivenTestInTestNg"/>
  <testcase name="testdata1" time="0.015" classname="testNgLearning.DataDrivenTestInTestNg"/>
</testsuite> <!-- testNgLearning.DataDrivenTestInTestNg -->
